{"C:\\Users\\renan\\OneDrive\\Área de Trabalho\\BackEnd\\avaliação3\\src\\index.js": {"path":"C:\\Users\\renan\\OneDrive\\Área de Trabalho\\BackEnd\\avaliação3\\src\\index.js","statementMap":{"0":{"start":{"line":1,"column":16},"end":{"line":1,"column":34}},"1":{"start":{"line":2,"column":13},"end":{"line":2,"column":28}},"2":{"start":{"line":3,"column":17},"end":{"line":3,"column":41}},"3":{"start":{"line":4,"column":16},"end":{"line":4,"column":37}},"4":{"start":{"line":5,"column":19},"end":{"line":5,"column":43}},"5":{"start":{"line":6,"column":19},"end":{"line":6,"column":43}},"6":{"start":{"line":7,"column":22},"end":{"line":7,"column":49}},"7":{"start":{"line":9,"column":12},"end":{"line":9,"column":21}},"8":{"start":{"line":10,"column":0},"end":{"line":10,"column":24}},"9":{"start":{"line":12,"column":0},"end":{"line":12,"column":16}},"10":{"start":{"line":14,"column":0},"end":{"line":16,"column":2}},"11":{"start":{"line":15,"column":4},"end":{"line":15,"column":53}},"12":{"start":{"line":18,"column":0},"end":{"line":18,"column":40}},"13":{"start":{"line":19,"column":0},"end":{"line":19,"column":45}},"14":{"start":{"line":22,"column":0},"end":{"line":22,"column":36}},"15":{"start":{"line":23,"column":0},"end":{"line":23,"column":42}},"16":{"start":{"line":24,"column":0},"end":{"line":24,"column":36}},"17":{"start":{"line":26,"column":0},"end":{"line":36,"column":6}},"18":{"start":{"line":28,"column":8},"end":{"line":32,"column":9}},"19":{"start":{"line":29,"column":12},"end":{"line":31,"column":14}},"20":{"start":{"line":30,"column":16},"end":{"line":30,"column":58}},"21":{"start":{"line":35,"column":8},"end":{"line":35,"column":61}},"22":{"start":{"line":38,"column":0},"end":{"line":38,"column":20}}},"fnMap":{"0":{"name":"(anonymous_0)","decl":{"start":{"line":14,"column":13},"end":{"line":14,"column":14}},"loc":{"start":{"line":14,"column":22},"end":{"line":16,"column":1}},"line":14},"1":{"name":"(anonymous_1)","decl":{"start":{"line":27,"column":10},"end":{"line":27,"column":11}},"loc":{"start":{"line":27,"column":15},"end":{"line":33,"column":5}},"line":27},"2":{"name":"(anonymous_2)","decl":{"start":{"line":29,"column":29},"end":{"line":29,"column":30}},"loc":{"start":{"line":29,"column":34},"end":{"line":31,"column":13}},"line":29},"3":{"name":"(anonymous_3)","decl":{"start":{"line":34,"column":11},"end":{"line":34,"column":12}},"loc":{"start":{"line":34,"column":16},"end":{"line":36,"column":5}},"line":34}},"branchMap":{"0":{"loc":{"start":{"line":28,"column":8},"end":{"line":32,"column":9}},"type":"if","locations":[{"start":{"line":28,"column":8},"end":{"line":32,"column":9}},{"start":{},"end":{}}],"line":28}},"s":{"0":24,"1":24,"2":24,"3":24,"4":24,"5":24,"6":24,"7":24,"8":24,"9":24,"10":24,"11":0,"12":24,"13":24,"14":24,"15":24,"16":24,"17":24,"18":5,"19":0,"20":0,"21":0,"22":24},"f":{"0":0,"1":5,"2":0,"3":0},"b":{"0":[0,5]},"_coverageSchema":"1a1c01bbd47fc00a2c39e90264f33305004495a9","hash":"206093ad5478942870074d1f201c089af1ff9156"}
,"C:\\Users\\renan\\OneDrive\\Área de Trabalho\\BackEnd\\avaliação3\\src\\api\\project.js": {"path":"C:\\Users\\renan\\OneDrive\\Área de Trabalho\\BackEnd\\avaliação3\\src\\api\\project.js","statementMap":{"0":{"start":{"line":1,"column":26},"end":{"line":1,"column":58}},"1":{"start":{"line":5,"column":47},"end":{"line":5,"column":55}},"2":{"start":{"line":7,"column":8},"end":{"line":12,"column":9}},"3":{"start":{"line":8,"column":28},"end":{"line":8,"column":94}},"4":{"start":{"line":9,"column":12},"end":{"line":9,"column":48}},"5":{"start":{"line":11,"column":12},"end":{"line":11,"column":96}},"6":{"start":{"line":16,"column":23},"end":{"line":16,"column":33}},"7":{"start":{"line":17,"column":47},"end":{"line":17,"column":55}},"8":{"start":{"line":19,"column":8},"end":{"line":24,"column":9}},"9":{"start":{"line":20,"column":28},"end":{"line":20,"column":106}},"10":{"start":{"line":21,"column":12},"end":{"line":21,"column":48}},"11":{"start":{"line":23,"column":12},"end":{"line":23,"column":94}},"12":{"start":{"line":28,"column":23},"end":{"line":28,"column":33}},"13":{"start":{"line":30,"column":8},"end":{"line":35,"column":9}},"14":{"start":{"line":31,"column":12},"end":{"line":31,"column":62}},"15":{"start":{"line":32,"column":12},"end":{"line":32,"column":71}},"16":{"start":{"line":34,"column":12},"end":{"line":34,"column":91}},"17":{"start":{"line":39,"column":8},"end":{"line":44,"column":9}},"18":{"start":{"line":40,"column":28},"end":{"line":40,"column":69}},"19":{"start":{"line":41,"column":12},"end":{"line":41,"column":48}},"20":{"start":{"line":43,"column":12},"end":{"line":43,"column":90}},"21":{"start":{"line":48,"column":30},"end":{"line":48,"column":40}},"22":{"start":{"line":49,"column":27},"end":{"line":49,"column":36}},"23":{"start":{"line":51,"column":8},"end":{"line":56,"column":9}},"24":{"start":{"line":52,"column":28},"end":{"line":52,"column":88}},"25":{"start":{"line":53,"column":12},"end":{"line":53,"column":48}},"26":{"start":{"line":55,"column":12},"end":{"line":55,"column":90}},"27":{"start":{"line":60,"column":0},"end":{"line":60,"column":33}}},"fnMap":{"0":{"name":"(anonymous_0)","decl":{"start":{"line":4,"column":4},"end":{"line":4,"column":5}},"loc":{"start":{"line":4,"column":34},"end":{"line":13,"column":5}},"line":4},"1":{"name":"(anonymous_1)","decl":{"start":{"line":15,"column":4},"end":{"line":15,"column":5}},"loc":{"start":{"line":15,"column":34},"end":{"line":25,"column":5}},"line":15},"2":{"name":"(anonymous_2)","decl":{"start":{"line":27,"column":4},"end":{"line":27,"column":5}},"loc":{"start":{"line":27,"column":34},"end":{"line":36,"column":5}},"line":27},"3":{"name":"(anonymous_3)","decl":{"start":{"line":38,"column":4},"end":{"line":38,"column":5}},"loc":{"start":{"line":38,"column":33},"end":{"line":45,"column":5}},"line":38},"4":{"name":"(anonymous_4)","decl":{"start":{"line":47,"column":4},"end":{"line":47,"column":5}},"loc":{"start":{"line":47,"column":38},"end":{"line":57,"column":5}},"line":47}},"branchMap":{},"s":{"0":24,"1":1,"2":1,"3":1,"4":1,"5":0,"6":1,"7":1,"8":1,"9":1,"10":1,"11":0,"12":1,"13":1,"14":1,"15":1,"16":0,"17":1,"18":1,"19":1,"20":0,"21":0,"22":0,"23":0,"24":0,"25":0,"26":0,"27":24},"f":{"0":1,"1":1,"2":1,"3":1,"4":0},"b":{},"_coverageSchema":"1a1c01bbd47fc00a2c39e90264f33305004495a9","hash":"60b67d89d3239d5dc1fa821a8df7bd1e2a8c3312"}
,"C:\\Users\\renan\\OneDrive\\Área de Trabalho\\BackEnd\\avaliação3\\src\\api\\task.js": {"path":"C:\\Users\\renan\\OneDrive\\Área de Trabalho\\BackEnd\\avaliação3\\src\\api\\task.js","statementMap":{"0":{"start":{"line":1,"column":23},"end":{"line":1,"column":52}},"1":{"start":{"line":6,"column":68},"end":{"line":6,"column":76}},"2":{"start":{"line":7,"column":4},"end":{"line":12,"column":5}},"3":{"start":{"line":8,"column":21},"end":{"line":8,"column":105}},"4":{"start":{"line":9,"column":8},"end":{"line":9,"column":41}},"5":{"start":{"line":11,"column":6},"end":{"line":11,"column":86}},"6":{"start":{"line":17,"column":19},"end":{"line":17,"column":29}},"7":{"start":{"line":18,"column":68},"end":{"line":18,"column":76}},"8":{"start":{"line":20,"column":4},"end":{"line":25,"column":5}},"9":{"start":{"line":21,"column":19},"end":{"line":21,"column":116}},"10":{"start":{"line":22,"column":6},"end":{"line":22,"column":39}},"11":{"start":{"line":24,"column":6},"end":{"line":24,"column":84}},"12":{"start":{"line":29,"column":4},"end":{"line":34,"column":5}},"13":{"start":{"line":30,"column":20},"end":{"line":30,"column":55}},"14":{"start":{"line":31,"column":6},"end":{"line":31,"column":40}},"15":{"start":{"line":33,"column":6},"end":{"line":33,"column":84}},"16":{"start":{"line":38,"column":19},"end":{"line":38,"column":29}},"17":{"start":{"line":39,"column":4},"end":{"line":44,"column":5}},"18":{"start":{"line":40,"column":5},"end":{"line":40,"column":48}},"19":{"start":{"line":41,"column":6},"end":{"line":41,"column":60}},"20":{"start":{"line":43,"column":6},"end":{"line":43,"column":84}},"21":{"start":{"line":48,"column":0},"end":{"line":48,"column":30}}},"fnMap":{"0":{"name":"(anonymous_0)","decl":{"start":{"line":5,"column":2},"end":{"line":5,"column":3}},"loc":{"start":{"line":5,"column":28},"end":{"line":13,"column":3}},"line":5},"1":{"name":"(anonymous_1)","decl":{"start":{"line":15,"column":2},"end":{"line":15,"column":3}},"loc":{"start":{"line":15,"column":28},"end":{"line":26,"column":3}},"line":15},"2":{"name":"(anonymous_2)","decl":{"start":{"line":28,"column":2},"end":{"line":28,"column":3}},"loc":{"start":{"line":28,"column":27},"end":{"line":35,"column":3}},"line":28},"3":{"name":"(anonymous_3)","decl":{"start":{"line":37,"column":2},"end":{"line":37,"column":3}},"loc":{"start":{"line":37,"column":28},"end":{"line":45,"column":3}},"line":37}},"branchMap":{},"s":{"0":24,"1":1,"2":1,"3":1,"4":1,"5":0,"6":1,"7":1,"8":1,"9":1,"10":1,"11":0,"12":1,"13":1,"14":1,"15":0,"16":1,"17":1,"18":1,"19":1,"20":0,"21":24},"f":{"0":1,"1":1,"2":1,"3":1},"b":{},"_coverageSchema":"1a1c01bbd47fc00a2c39e90264f33305004495a9","hash":"5a14719672dcecc19ab76e960ac036c87b31e6b8"}
,"C:\\Users\\renan\\OneDrive\\Área de Trabalho\\BackEnd\\avaliação3\\src\\api\\user.js": {"path":"C:\\Users\\renan\\OneDrive\\Área de Trabalho\\BackEnd\\avaliação3\\src\\api\\user.js","statementMap":{"0":{"start":{"line":1,"column":23},"end":{"line":1,"column":52}},"1":{"start":{"line":5,"column":42},"end":{"line":5,"column":50}},"2":{"start":{"line":7,"column":8},"end":{"line":12,"column":9}},"3":{"start":{"line":8,"column":25},"end":{"line":8,"column":79}},"4":{"start":{"line":9,"column":12},"end":{"line":9,"column":45}},"5":{"start":{"line":11,"column":12},"end":{"line":11,"column":89}},"6":{"start":{"line":16,"column":23},"end":{"line":16,"column":33}},"7":{"start":{"line":17,"column":42},"end":{"line":17,"column":50}},"8":{"start":{"line":19,"column":8},"end":{"line":24,"column":9}},"9":{"start":{"line":20,"column":30},"end":{"line":20,"column":96}},"10":{"start":{"line":21,"column":12},"end":{"line":21,"column":50}},"11":{"start":{"line":23,"column":12},"end":{"line":23,"column":91}},"12":{"start":{"line":28,"column":23},"end":{"line":28,"column":33}},"13":{"start":{"line":30,"column":8},"end":{"line":35,"column":9}},"14":{"start":{"line":31,"column":12},"end":{"line":31,"column":51}},"15":{"start":{"line":32,"column":12},"end":{"line":32,"column":67}},"16":{"start":{"line":34,"column":12},"end":{"line":34,"column":91}},"17":{"start":{"line":39,"column":8},"end":{"line":44,"column":9}},"18":{"start":{"line":40,"column":26},"end":{"line":40,"column":53}},"19":{"start":{"line":41,"column":12},"end":{"line":41,"column":46}},"20":{"start":{"line":43,"column":12},"end":{"line":43,"column":90}},"21":{"start":{"line":48,"column":36},"end":{"line":48,"column":44}},"22":{"start":{"line":50,"column":8},"end":{"line":56,"column":9}},"23":{"start":{"line":51,"column":26},"end":{"line":51,"column":69}},"24":{"start":{"line":53,"column":12},"end":{"line":53,"column":43}},"25":{"start":{"line":55,"column":12},"end":{"line":55,"column":54}},"26":{"start":{"line":62,"column":0},"end":{"line":62,"column":30}}},"fnMap":{"0":{"name":"(anonymous_0)","decl":{"start":{"line":4,"column":4},"end":{"line":4,"column":5}},"loc":{"start":{"line":4,"column":31},"end":{"line":13,"column":5}},"line":4},"1":{"name":"(anonymous_1)","decl":{"start":{"line":15,"column":4},"end":{"line":15,"column":5}},"loc":{"start":{"line":15,"column":31},"end":{"line":25,"column":5}},"line":15},"2":{"name":"(anonymous_2)","decl":{"start":{"line":27,"column":4},"end":{"line":27,"column":5}},"loc":{"start":{"line":27,"column":31},"end":{"line":36,"column":5}},"line":27},"3":{"name":"(anonymous_3)","decl":{"start":{"line":38,"column":4},"end":{"line":38,"column":5}},"loc":{"start":{"line":38,"column":30},"end":{"line":45,"column":5}},"line":38},"4":{"name":"(anonymous_4)","decl":{"start":{"line":47,"column":4},"end":{"line":47,"column":5}},"loc":{"start":{"line":47,"column":26},"end":{"line":57,"column":5}},"line":47}},"branchMap":{},"s":{"0":24,"1":1,"2":1,"3":1,"4":0,"5":1,"6":1,"7":1,"8":1,"9":1,"10":1,"11":0,"12":1,"13":1,"14":1,"15":1,"16":0,"17":1,"18":1,"19":1,"20":0,"21":0,"22":0,"23":0,"24":0,"25":0,"26":24},"f":{"0":1,"1":1,"2":1,"3":1,"4":0},"b":{},"_coverageSchema":"1a1c01bbd47fc00a2c39e90264f33305004495a9","hash":"eda21279361765875819cb0cb619be8259495623"}
,"C:\\Users\\renan\\OneDrive\\Área de Trabalho\\BackEnd\\avaliação3\\src\\controller\\project.js": {"path":"C:\\Users\\renan\\OneDrive\\Área de Trabalho\\BackEnd\\avaliação3\\src\\controller\\project.js","statementMap":{"0":{"start":{"line":1,"column":16},"end":{"line":1,"column":43}},"1":{"start":{"line":2,"column":13},"end":{"line":2,"column":30}},"2":{"start":{"line":3,"column":23},"end":{"line":3,"column":40}},"3":{"start":{"line":9,"column":8},"end":{"line":11,"column":9}},"4":{"start":{"line":10,"column":12},"end":{"line":10,"column":48}},"5":{"start":{"line":12,"column":8},"end":{"line":14,"column":9}},"6":{"start":{"line":13,"column":12},"end":{"line":13,"column":55}},"7":{"start":{"line":15,"column":8},"end":{"line":17,"column":9}},"8":{"start":{"line":16,"column":12},"end":{"line":16,"column":52}},"9":{"start":{"line":19,"column":8},"end":{"line":19,"column":54}},"10":{"start":{"line":21,"column":29},"end":{"line":21,"column":95}},"11":{"start":{"line":23,"column":8},"end":{"line":23,"column":28}},"12":{"start":{"line":28,"column":8},"end":{"line":30,"column":9}},"13":{"start":{"line":29,"column":12},"end":{"line":29,"column":48}},"14":{"start":{"line":31,"column":8},"end":{"line":33,"column":9}},"15":{"start":{"line":32,"column":12},"end":{"line":32,"column":55}},"16":{"start":{"line":35,"column":29},"end":{"line":35,"column":55}},"17":{"start":{"line":37,"column":8},"end":{"line":40,"column":45}},"18":{"start":{"line":42,"column":8},"end":{"line":42,"column":28}},"19":{"start":{"line":46,"column":8},"end":{"line":48,"column":9}},"20":{"start":{"line":47,"column":12},"end":{"line":47,"column":46}},"21":{"start":{"line":49,"column":29},"end":{"line":49,"column":55}},"22":{"start":{"line":50,"column":8},"end":{"line":50,"column":44}},"23":{"start":{"line":51,"column":8},"end":{"line":51,"column":15}},"24":{"start":{"line":55,"column":8},"end":{"line":57,"column":9}},"25":{"start":{"line":56,"column":12},"end":{"line":56,"column":47}},"26":{"start":{"line":59,"column":29},"end":{"line":59,"column":55}},"27":{"start":{"line":61,"column":8},"end":{"line":63,"column":9}},"28":{"start":{"line":62,"column":12},"end":{"line":62,"column":49}},"29":{"start":{"line":65,"column":8},"end":{"line":65,"column":28}},"30":{"start":{"line":69,"column":8},"end":{"line":69,"column":32}},"31":{"start":{"line":74,"column":8},"end":{"line":76,"column":9}},"32":{"start":{"line":75,"column":12},"end":{"line":75,"column":55}},"33":{"start":{"line":78,"column":29},"end":{"line":78,"column":53}},"34":{"start":{"line":80,"column":8},"end":{"line":82,"column":9}},"35":{"start":{"line":81,"column":12},"end":{"line":81,"column":45}},"36":{"start":{"line":84,"column":22},"end":{"line":84,"column":57}},"37":{"start":{"line":86,"column":8},"end":{"line":88,"column":9}},"38":{"start":{"line":87,"column":12},"end":{"line":87,"column":47}},"39":{"start":{"line":90,"column":8},"end":{"line":90,"column":21}},"40":{"start":{"line":95,"column":0},"end":{"line":95,"column":40}}},"fnMap":{"0":{"name":"(anonymous_0)","decl":{"start":{"line":8,"column":4},"end":{"line":8,"column":5}},"loc":{"start":{"line":8,"column":66},"end":{"line":24,"column":5}},"line":8},"1":{"name":"(anonymous_1)","decl":{"start":{"line":27,"column":4},"end":{"line":27,"column":5}},"loc":{"start":{"line":27,"column":70},"end":{"line":43,"column":5}},"line":27},"2":{"name":"(anonymous_2)","decl":{"start":{"line":45,"column":4},"end":{"line":45,"column":5}},"loc":{"start":{"line":45,"column":42},"end":{"line":52,"column":5}},"line":45},"3":{"name":"(anonymous_3)","decl":{"start":{"line":54,"column":4},"end":{"line":54,"column":5}},"loc":{"start":{"line":54,"column":26},"end":{"line":66,"column":5}},"line":54},"4":{"name":"(anonymous_4)","decl":{"start":{"line":68,"column":4},"end":{"line":68,"column":5}},"loc":{"start":{"line":68,"column":28},"end":{"line":70,"column":5}},"line":68},"5":{"name":"(anonymous_5)","decl":{"start":{"line":72,"column":4},"end":{"line":72,"column":5}},"loc":{"start":{"line":72,"column":47},"end":{"line":91,"column":5}},"line":72}},"branchMap":{"0":{"loc":{"start":{"line":9,"column":8},"end":{"line":11,"column":9}},"type":"if","locations":[{"start":{"line":9,"column":8},"end":{"line":11,"column":9}},{"start":{},"end":{}}],"line":9},"1":{"loc":{"start":{"line":12,"column":8},"end":{"line":14,"column":9}},"type":"if","locations":[{"start":{"line":12,"column":8},"end":{"line":14,"column":9}},{"start":{},"end":{}}],"line":12},"2":{"loc":{"start":{"line":15,"column":8},"end":{"line":17,"column":9}},"type":"if","locations":[{"start":{"line":15,"column":8},"end":{"line":17,"column":9}},{"start":{},"end":{}}],"line":15},"3":{"loc":{"start":{"line":28,"column":8},"end":{"line":30,"column":9}},"type":"if","locations":[{"start":{"line":28,"column":8},"end":{"line":30,"column":9}},{"start":{},"end":{}}],"line":28},"4":{"loc":{"start":{"line":31,"column":8},"end":{"line":33,"column":9}},"type":"if","locations":[{"start":{"line":31,"column":8},"end":{"line":33,"column":9}},{"start":{},"end":{}}],"line":31},"5":{"loc":{"start":{"line":46,"column":8},"end":{"line":48,"column":9}},"type":"if","locations":[{"start":{"line":46,"column":8},"end":{"line":48,"column":9}},{"start":{},"end":{}}],"line":46},"6":{"loc":{"start":{"line":55,"column":8},"end":{"line":57,"column":9}},"type":"if","locations":[{"start":{"line":55,"column":8},"end":{"line":57,"column":9}},{"start":{},"end":{}}],"line":55},"7":{"loc":{"start":{"line":61,"column":8},"end":{"line":63,"column":9}},"type":"if","locations":[{"start":{"line":61,"column":8},"end":{"line":63,"column":9}},{"start":{},"end":{}}],"line":61},"8":{"loc":{"start":{"line":74,"column":8},"end":{"line":76,"column":9}},"type":"if","locations":[{"start":{"line":74,"column":8},"end":{"line":76,"column":9}},{"start":{},"end":{}}],"line":74},"9":{"loc":{"start":{"line":80,"column":8},"end":{"line":82,"column":9}},"type":"if","locations":[{"start":{"line":80,"column":8},"end":{"line":82,"column":9}},{"start":{},"end":{}}],"line":80},"10":{"loc":{"start":{"line":86,"column":8},"end":{"line":88,"column":9}},"type":"if","locations":[{"start":{"line":86,"column":8},"end":{"line":88,"column":9}},{"start":{},"end":{}}],"line":86}},"s":{"0":24,"1":24,"2":24,"3":2,"4":0,"5":2,"6":0,"7":2,"8":0,"9":2,"10":2,"11":2,"12":2,"13":0,"14":2,"15":0,"16":2,"17":2,"18":2,"19":2,"20":0,"21":2,"22":2,"23":2,"24":6,"25":0,"26":6,"27":6,"28":0,"29":6,"30":2,"31":0,"32":0,"33":0,"34":0,"35":0,"36":0,"37":0,"38":0,"39":0,"40":24},"f":{"0":2,"1":2,"2":2,"3":6,"4":2,"5":0},"b":{"0":[0,2],"1":[0,2],"2":[0,2],"3":[0,2],"4":[0,2],"5":[0,2],"6":[0,6],"7":[0,6],"8":[0,0],"9":[0,0],"10":[0,0]},"_coverageSchema":"1a1c01bbd47fc00a2c39e90264f33305004495a9","hash":"4f07ab681cee6e2c9935c262621979497aec114f"}
,"C:\\Users\\renan\\OneDrive\\Área de Trabalho\\BackEnd\\avaliação3\\src\\controller\\task.js": {"path":"C:\\Users\\renan\\OneDrive\\Área de Trabalho\\BackEnd\\avaliação3\\src\\controller\\task.js","statementMap":{"0":{"start":{"line":1,"column":13},"end":{"line":1,"column":37}},"1":{"start":{"line":2,"column":26},"end":{"line":2,"column":58}},"2":{"start":{"line":7,"column":8},"end":{"line":9,"column":9}},"3":{"start":{"line":8,"column":12},"end":{"line":8,"column":50}},"4":{"start":{"line":10,"column":8},"end":{"line":12,"column":9}},"5":{"start":{"line":11,"column":12},"end":{"line":11,"column":55}},"6":{"start":{"line":13,"column":8},"end":{"line":15,"column":9}},"7":{"start":{"line":14,"column":12},"end":{"line":14,"column":53}},"8":{"start":{"line":17,"column":8},"end":{"line":17,"column":54}},"9":{"start":{"line":19,"column":26},"end":{"line":25,"column":27}},"10":{"start":{"line":27,"column":8},"end":{"line":27,"column":25}},"11":{"start":{"line":31,"column":8},"end":{"line":33,"column":9}},"12":{"start":{"line":32,"column":12},"end":{"line":32,"column":49}},"13":{"start":{"line":34,"column":8},"end":{"line":36,"column":9}},"14":{"start":{"line":35,"column":12},"end":{"line":35,"column":55}},"15":{"start":{"line":37,"column":8},"end":{"line":39,"column":9}},"16":{"start":{"line":38,"column":12},"end":{"line":38,"column":50}},"17":{"start":{"line":41,"column":26},"end":{"line":41,"column":49}},"18":{"start":{"line":43,"column":8},"end":{"line":47,"column":43}},"19":{"start":{"line":49,"column":8},"end":{"line":49,"column":39}},"20":{"start":{"line":51,"column":8},"end":{"line":51,"column":25}},"21":{"start":{"line":55,"column":8},"end":{"line":57,"column":9}},"22":{"start":{"line":56,"column":12},"end":{"line":56,"column":47}},"23":{"start":{"line":58,"column":26},"end":{"line":58,"column":49}},"24":{"start":{"line":60,"column":8},"end":{"line":62,"column":9}},"25":{"start":{"line":61,"column":12},"end":{"line":61,"column":46}},"26":{"start":{"line":64,"column":8},"end":{"line":64,"column":25}},"27":{"start":{"line":68,"column":8},"end":{"line":68,"column":29}},"28":{"start":{"line":72,"column":8},"end":{"line":74,"column":9}},"29":{"start":{"line":73,"column":12},"end":{"line":73,"column":47}},"30":{"start":{"line":75,"column":26},"end":{"line":75,"column":49}},"31":{"start":{"line":77,"column":8},"end":{"line":77,"column":42}},"32":{"start":{"line":82,"column":0},"end":{"line":82,"column":37}}},"fnMap":{"0":{"name":"(anonymous_0)","decl":{"start":{"line":6,"column":4},"end":{"line":6,"column":5}},"loc":{"start":{"line":6,"column":87},"end":{"line":28,"column":5}},"line":6},"1":{"name":"(anonymous_1)","decl":{"start":{"line":30,"column":4},"end":{"line":30,"column":5}},"loc":{"start":{"line":30,"column":91},"end":{"line":52,"column":5}},"line":30},"2":{"name":"(anonymous_2)","decl":{"start":{"line":54,"column":4},"end":{"line":54,"column":5}},"loc":{"start":{"line":54,"column":23},"end":{"line":65,"column":5}},"line":54},"3":{"name":"(anonymous_3)","decl":{"start":{"line":67,"column":4},"end":{"line":67,"column":5}},"loc":{"start":{"line":67,"column":25},"end":{"line":69,"column":5}},"line":67},"4":{"name":"(anonymous_4)","decl":{"start":{"line":71,"column":4},"end":{"line":71,"column":5}},"loc":{"start":{"line":71,"column":38},"end":{"line":78,"column":5}},"line":71}},"branchMap":{"0":{"loc":{"start":{"line":7,"column":8},"end":{"line":9,"column":9}},"type":"if","locations":[{"start":{"line":7,"column":8},"end":{"line":9,"column":9}},{"start":{},"end":{}}],"line":7},"1":{"loc":{"start":{"line":10,"column":8},"end":{"line":12,"column":9}},"type":"if","locations":[{"start":{"line":10,"column":8},"end":{"line":12,"column":9}},{"start":{},"end":{}}],"line":10},"2":{"loc":{"start":{"line":13,"column":8},"end":{"line":15,"column":9}},"type":"if","locations":[{"start":{"line":13,"column":8},"end":{"line":15,"column":9}},{"start":{},"end":{}}],"line":13},"3":{"loc":{"start":{"line":31,"column":8},"end":{"line":33,"column":9}},"type":"if","locations":[{"start":{"line":31,"column":8},"end":{"line":33,"column":9}},{"start":{},"end":{}}],"line":31},"4":{"loc":{"start":{"line":34,"column":8},"end":{"line":36,"column":9}},"type":"if","locations":[{"start":{"line":34,"column":8},"end":{"line":36,"column":9}},{"start":{},"end":{}}],"line":34},"5":{"loc":{"start":{"line":37,"column":8},"end":{"line":39,"column":9}},"type":"if","locations":[{"start":{"line":37,"column":8},"end":{"line":39,"column":9}},{"start":{},"end":{}}],"line":37},"6":{"loc":{"start":{"line":55,"column":8},"end":{"line":57,"column":9}},"type":"if","locations":[{"start":{"line":55,"column":8},"end":{"line":57,"column":9}},{"start":{},"end":{}}],"line":55},"7":{"loc":{"start":{"line":60,"column":8},"end":{"line":62,"column":9}},"type":"if","locations":[{"start":{"line":60,"column":8},"end":{"line":62,"column":9}},{"start":{},"end":{}}],"line":60},"8":{"loc":{"start":{"line":72,"column":8},"end":{"line":74,"column":9}},"type":"if","locations":[{"start":{"line":72,"column":8},"end":{"line":74,"column":9}},{"start":{},"end":{}}],"line":72}},"s":{"0":24,"1":24,"2":2,"3":0,"4":2,"5":0,"6":2,"7":0,"8":2,"9":2,"10":2,"11":2,"12":0,"13":2,"14":0,"15":2,"16":0,"17":2,"18":2,"19":2,"20":2,"21":4,"22":0,"23":4,"24":4,"25":0,"26":4,"27":2,"28":2,"29":0,"30":2,"31":2,"32":24},"f":{"0":2,"1":2,"2":4,"3":2,"4":2},"b":{"0":[0,2],"1":[0,2],"2":[0,2],"3":[0,2],"4":[0,2],"5":[0,2],"6":[0,4],"7":[0,4],"8":[0,2]},"_coverageSchema":"1a1c01bbd47fc00a2c39e90264f33305004495a9","hash":"bc813625ab07276ef3037391646ab91e2fbb7654"}
,"C:\\Users\\renan\\OneDrive\\Área de Trabalho\\BackEnd\\avaliação3\\src\\controller\\user.js": {"path":"C:\\Users\\renan\\OneDrive\\Área de Trabalho\\BackEnd\\avaliação3\\src\\controller\\user.js","statementMap":{"0":{"start":{"line":1,"column":13},"end":{"line":1,"column":37}},"1":{"start":{"line":2,"column":15},"end":{"line":2,"column":32}},"2":{"start":{"line":5,"column":19},"end":{"line":5,"column":37}},"3":{"start":{"line":6,"column":19},"end":{"line":6,"column":21}},"4":{"start":{"line":10,"column":8},"end":{"line":12,"column":9}},"5":{"start":{"line":11,"column":12},"end":{"line":11,"column":70}},"6":{"start":{"line":14,"column":31},"end":{"line":14,"column":70}},"7":{"start":{"line":16,"column":26},"end":{"line":20,"column":27}},"8":{"start":{"line":22,"column":8},"end":{"line":22,"column":24}},"9":{"start":{"line":26,"column":8},"end":{"line":28,"column":9}},"10":{"start":{"line":27,"column":12},"end":{"line":27,"column":47}},"11":{"start":{"line":30,"column":26},"end":{"line":30,"column":49}},"12":{"start":{"line":32,"column":8},"end":{"line":34,"column":9}},"13":{"start":{"line":33,"column":12},"end":{"line":33,"column":46}},"14":{"start":{"line":36,"column":8},"end":{"line":36,"column":25}},"15":{"start":{"line":40,"column":8},"end":{"line":42,"column":9}},"16":{"start":{"line":41,"column":12},"end":{"line":41,"column":70}},"17":{"start":{"line":44,"column":26},"end":{"line":44,"column":49}},"18":{"start":{"line":46,"column":8},"end":{"line":46,"column":29}},"19":{"start":{"line":47,"column":8},"end":{"line":47,"column":31}},"20":{"start":{"line":48,"column":8},"end":{"line":48,"column":68}},"21":{"start":{"line":49,"column":8},"end":{"line":49,"column":44}},"22":{"start":{"line":51,"column":8},"end":{"line":51,"column":25}},"23":{"start":{"line":55,"column":8},"end":{"line":57,"column":9}},"24":{"start":{"line":56,"column":12},"end":{"line":56,"column":47}},"25":{"start":{"line":58,"column":26},"end":{"line":58,"column":49}},"26":{"start":{"line":59,"column":8},"end":{"line":59,"column":41}},"27":{"start":{"line":61,"column":8},"end":{"line":61,"column":14}},"28":{"start":{"line":65,"column":8},"end":{"line":65,"column":29}},"29":{"start":{"line":69,"column":8},"end":{"line":71,"column":9}},"30":{"start":{"line":70,"column":12},"end":{"line":70,"column":64}},"31":{"start":{"line":73,"column":26},"end":{"line":73,"column":66}},"32":{"start":{"line":75,"column":8},"end":{"line":77,"column":9}},"33":{"start":{"line":76,"column":12},"end":{"line":76,"column":67}},"34":{"start":{"line":79,"column":33},"end":{"line":79,"column":77}},"35":{"start":{"line":80,"column":8},"end":{"line":82,"column":9}},"36":{"start":{"line":81,"column":12},"end":{"line":81,"column":67}},"37":{"start":{"line":84,"column":8},"end":{"line":84,"column":81}},"38":{"start":{"line":88,"column":8},"end":{"line":90,"column":9}},"39":{"start":{"line":89,"column":12},"end":{"line":89,"column":45}},"40":{"start":{"line":92,"column":8},"end":{"line":96,"column":9}},"41":{"start":{"line":93,"column":12},"end":{"line":93,"column":47}},"42":{"start":{"line":95,"column":12},"end":{"line":95,"column":45}},"43":{"start":{"line":100,"column":0},"end":{"line":100,"column":37}}},"fnMap":{"0":{"name":"(anonymous_0)","decl":{"start":{"line":9,"column":4},"end":{"line":9,"column":5}},"loc":{"start":{"line":9,"column":57},"end":{"line":23,"column":5}},"line":9},"1":{"name":"(anonymous_1)","decl":{"start":{"line":25,"column":4},"end":{"line":25,"column":5}},"loc":{"start":{"line":25,"column":23},"end":{"line":37,"column":5}},"line":25},"2":{"name":"(anonymous_2)","decl":{"start":{"line":39,"column":4},"end":{"line":39,"column":5}},"loc":{"start":{"line":39,"column":61},"end":{"line":52,"column":5}},"line":39},"3":{"name":"(anonymous_3)","decl":{"start":{"line":54,"column":4},"end":{"line":54,"column":5}},"loc":{"start":{"line":54,"column":34},"end":{"line":62,"column":5}},"line":54},"4":{"name":"(anonymous_4)","decl":{"start":{"line":64,"column":4},"end":{"line":64,"column":5}},"loc":{"start":{"line":64,"column":17},"end":{"line":66,"column":5}},"line":64},"5":{"name":"(anonymous_5)","decl":{"start":{"line":68,"column":4},"end":{"line":68,"column":5}},"loc":{"start":{"line":68,"column":33},"end":{"line":85,"column":5}},"line":68},"6":{"name":"(anonymous_6)","decl":{"start":{"line":87,"column":4},"end":{"line":87,"column":5}},"loc":{"start":{"line":87,"column":31},"end":{"line":97,"column":5}},"line":87}},"branchMap":{"0":{"loc":{"start":{"line":10,"column":8},"end":{"line":12,"column":9}},"type":"if","locations":[{"start":{"line":10,"column":8},"end":{"line":12,"column":9}},{"start":{},"end":{}}],"line":10},"1":{"loc":{"start":{"line":10,"column":12},"end":{"line":10,"column":40}},"type":"binary-expr","locations":[{"start":{"line":10,"column":12},"end":{"line":10,"column":17}},{"start":{"line":10,"column":21},"end":{"line":10,"column":27}},{"start":{"line":10,"column":31},"end":{"line":10,"column":40}}],"line":10},"2":{"loc":{"start":{"line":26,"column":8},"end":{"line":28,"column":9}},"type":"if","locations":[{"start":{"line":26,"column":8},"end":{"line":28,"column":9}},{"start":{},"end":{}}],"line":26},"3":{"loc":{"start":{"line":32,"column":8},"end":{"line":34,"column":9}},"type":"if","locations":[{"start":{"line":32,"column":8},"end":{"line":34,"column":9}},{"start":{},"end":{}}],"line":32},"4":{"loc":{"start":{"line":40,"column":8},"end":{"line":42,"column":9}},"type":"if","locations":[{"start":{"line":40,"column":8},"end":{"line":42,"column":9}},{"start":{},"end":{}}],"line":40},"5":{"loc":{"start":{"line":40,"column":12},"end":{"line":40,"column":40}},"type":"binary-expr","locations":[{"start":{"line":40,"column":12},"end":{"line":40,"column":17}},{"start":{"line":40,"column":21},"end":{"line":40,"column":27}},{"start":{"line":40,"column":31},"end":{"line":40,"column":40}}],"line":40},"6":{"loc":{"start":{"line":55,"column":8},"end":{"line":57,"column":9}},"type":"if","locations":[{"start":{"line":55,"column":8},"end":{"line":57,"column":9}},{"start":{},"end":{}}],"line":55},"7":{"loc":{"start":{"line":69,"column":8},"end":{"line":71,"column":9}},"type":"if","locations":[{"start":{"line":69,"column":8},"end":{"line":71,"column":9}},{"start":{},"end":{}}],"line":69},"8":{"loc":{"start":{"line":69,"column":12},"end":{"line":69,"column":57}},"type":"binary-expr","locations":[{"start":{"line":69,"column":12},"end":{"line":69,"column":31}},{"start":{"line":69,"column":35},"end":{"line":69,"column":57}}],"line":69},"9":{"loc":{"start":{"line":75,"column":8},"end":{"line":77,"column":9}},"type":"if","locations":[{"start":{"line":75,"column":8},"end":{"line":77,"column":9}},{"start":{},"end":{}}],"line":75},"10":{"loc":{"start":{"line":80,"column":8},"end":{"line":82,"column":9}},"type":"if","locations":[{"start":{"line":80,"column":8},"end":{"line":82,"column":9}},{"start":{},"end":{}}],"line":80},"11":{"loc":{"start":{"line":88,"column":8},"end":{"line":90,"column":9}},"type":"if","locations":[{"start":{"line":88,"column":8},"end":{"line":90,"column":9}},{"start":{},"end":{}}],"line":88}},"s":{"0":24,"1":24,"2":24,"3":24,"4":2,"5":0,"6":2,"7":2,"8":1,"9":6,"10":0,"11":6,"12":6,"13":0,"14":6,"15":2,"16":0,"17":2,"18":2,"19":2,"20":2,"21":2,"22":2,"23":2,"24":0,"25":2,"26":2,"27":2,"28":2,"29":0,"30":0,"31":0,"32":0,"33":0,"34":0,"35":0,"36":0,"37":0,"38":0,"39":0,"40":0,"41":0,"42":0,"43":24},"f":{"0":2,"1":6,"2":2,"3":2,"4":2,"5":0,"6":0},"b":{"0":[0,2],"1":[2,2,2],"2":[0,6],"3":[0,6],"4":[0,2],"5":[2,2,2],"6":[0,2],"7":[0,0],"8":[0,0],"9":[0,0],"10":[0,0],"11":[0,0]},"_coverageSchema":"1a1c01bbd47fc00a2c39e90264f33305004495a9","hash":"e2faec1b381b9a95ba514e5d4911aa491071884a"}
,"C:\\Users\\renan\\OneDrive\\Área de Trabalho\\BackEnd\\avaliação3\\src\\database\\db.js": {"path":"C:\\Users\\renan\\OneDrive\\Área de Trabalho\\BackEnd\\avaliação3\\src\\database\\db.js","statementMap":{"0":{"start":{"line":1,"column":22},"end":{"line":1,"column":42}},"1":{"start":{"line":5,"column":8},"end":{"line":5,"column":19}},"2":{"start":{"line":9,"column":8},"end":{"line":14,"column":10}},"3":{"start":{"line":18,"column":0},"end":{"line":18,"column":31}}},"fnMap":{"0":{"name":"(anonymous_0)","decl":{"start":{"line":4,"column":4},"end":{"line":4,"column":5}},"loc":{"start":{"line":4,"column":18},"end":{"line":6,"column":5}},"line":4},"1":{"name":"(anonymous_1)","decl":{"start":{"line":8,"column":4},"end":{"line":8,"column":5}},"loc":{"start":{"line":8,"column":11},"end":{"line":15,"column":5}},"line":8}},"branchMap":{},"s":{"0":24,"1":24,"2":24,"3":24},"f":{"0":24,"1":24},"b":{},"_coverageSchema":"1a1c01bbd47fc00a2c39e90264f33305004495a9","hash":"b903d948eb8df9662d45c924f06377f48191d171"}
,"C:\\Users\\renan\\OneDrive\\Área de Trabalho\\BackEnd\\avaliação3\\src\\model\\project.js": {"path":"C:\\Users\\renan\\OneDrive\\Área de Trabalho\\BackEnd\\avaliação3\\src\\model\\project.js","statementMap":{"0":{"start":{"line":1,"column":17},"end":{"line":1,"column":42}},"1":{"start":{"line":5,"column":8},"end":{"line":30,"column":14}},"2":{"start":{"line":34,"column":0},"end":{"line":34,"column":38}}},"fnMap":{"0":{"name":"(anonymous_0)","decl":{"start":{"line":4,"column":4},"end":{"line":4,"column":5}},"loc":{"start":{"line":4,"column":18},"end":{"line":31,"column":5}},"line":4}},"branchMap":{},"s":{"0":24,"1":24,"2":24},"f":{"0":24},"b":{},"_coverageSchema":"1a1c01bbd47fc00a2c39e90264f33305004495a9","hash":"88e545c32905da8e5322b120c037c6d11dfb77bf"}
,"C:\\Users\\renan\\OneDrive\\Área de Trabalho\\BackEnd\\avaliação3\\src\\model\\task.js": {"path":"C:\\Users\\renan\\OneDrive\\Área de Trabalho\\BackEnd\\avaliação3\\src\\model\\task.js","statementMap":{"0":{"start":{"line":1,"column":17},"end":{"line":1,"column":42}},"1":{"start":{"line":5,"column":8},"end":{"line":37,"column":10}},"2":{"start":{"line":41,"column":0},"end":{"line":41,"column":35}}},"fnMap":{"0":{"name":"(anonymous_0)","decl":{"start":{"line":4,"column":4},"end":{"line":4,"column":5}},"loc":{"start":{"line":4,"column":18},"end":{"line":38,"column":5}},"line":4}},"branchMap":{},"s":{"0":24,"1":24,"2":24},"f":{"0":24},"b":{},"_coverageSchema":"1a1c01bbd47fc00a2c39e90264f33305004495a9","hash":"6b71dc38d68f2023046cf183613f631c714ac960"}
,"C:\\Users\\renan\\OneDrive\\Área de Trabalho\\BackEnd\\avaliação3\\src\\model\\user.js": {"path":"C:\\Users\\renan\\OneDrive\\Área de Trabalho\\BackEnd\\avaliação3\\src\\model\\user.js","statementMap":{"0":{"start":{"line":1,"column":16},"end":{"line":1,"column":29}},"1":{"start":{"line":2,"column":17},"end":{"line":2,"column":42}},"2":{"start":{"line":6,"column":8},"end":{"line":30,"column":10}},"3":{"start":{"line":34,"column":0},"end":{"line":34,"column":35}}},"fnMap":{"0":{"name":"(anonymous_0)","decl":{"start":{"line":5,"column":4},"end":{"line":5,"column":5}},"loc":{"start":{"line":5,"column":18},"end":{"line":31,"column":5}},"line":5}},"branchMap":{},"s":{"0":24,"1":24,"2":24,"3":24},"f":{"0":24},"b":{},"_coverageSchema":"1a1c01bbd47fc00a2c39e90264f33305004495a9","hash":"ed376e6fdc2914bea3df81c744a93139dcf10954"}
,"C:\\Users\\renan\\OneDrive\\Área de Trabalho\\BackEnd\\avaliação3\\src\\routes\\project.js": {"path":"C:\\Users\\renan\\OneDrive\\Área de Trabalho\\BackEnd\\avaliação3\\src\\routes\\project.js","statementMap":{"0":{"start":{"line":1,"column":16},"end":{"line":1,"column":34}},"1":{"start":{"line":2,"column":19},"end":{"line":2,"column":44}},"2":{"start":{"line":3,"column":18},"end":{"line":3,"column":31}},"3":{"start":{"line":5,"column":15},"end":{"line":5,"column":31}},"4":{"start":{"line":7,"column":0},"end":{"line":7,"column":42}},"5":{"start":{"line":8,"column":0},"end":{"line":8,"column":44}},"6":{"start":{"line":9,"column":0},"end":{"line":9,"column":40}},"7":{"start":{"line":10,"column":0},"end":{"line":10,"column":47}},"8":{"start":{"line":11,"column":0},"end":{"line":11,"column":61}},"9":{"start":{"line":13,"column":0},"end":{"line":13,"column":24}}},"fnMap":{},"branchMap":{},"s":{"0":24,"1":24,"2":24,"3":24,"4":24,"5":24,"6":24,"7":24,"8":24,"9":24},"f":{},"b":{},"_coverageSchema":"1a1c01bbd47fc00a2c39e90264f33305004495a9","hash":"02e3b5cbff112fa8029e1f1a6345ec9336c4a159"}
,"C:\\Users\\renan\\OneDrive\\Área de Trabalho\\BackEnd\\avaliação3\\src\\routes\\task.js": {"path":"C:\\Users\\renan\\OneDrive\\Área de Trabalho\\BackEnd\\avaliação3\\src\\routes\\task.js","statementMap":{"0":{"start":{"line":1,"column":16},"end":{"line":1,"column":34}},"1":{"start":{"line":2,"column":16},"end":{"line":2,"column":38}},"2":{"start":{"line":4,"column":15},"end":{"line":4,"column":31}},"3":{"start":{"line":6,"column":0},"end":{"line":6,"column":36}},"4":{"start":{"line":7,"column":0},"end":{"line":7,"column":38}},"5":{"start":{"line":8,"column":0},"end":{"line":8,"column":34}},"6":{"start":{"line":9,"column":0},"end":{"line":9,"column":41}},"7":{"start":{"line":11,"column":0},"end":{"line":11,"column":24}}},"fnMap":{},"branchMap":{},"s":{"0":24,"1":24,"2":24,"3":24,"4":24,"5":24,"6":24,"7":24},"f":{},"b":{},"_coverageSchema":"1a1c01bbd47fc00a2c39e90264f33305004495a9","hash":"f03fcdfe9f1e0b26b38e9407b0d21ecaaa9ea03c"}
,"C:\\Users\\renan\\OneDrive\\Área de Trabalho\\BackEnd\\avaliação3\\src\\routes\\user.js": {"path":"C:\\Users\\renan\\OneDrive\\Área de Trabalho\\BackEnd\\avaliação3\\src\\routes\\user.js","statementMap":{"0":{"start":{"line":1,"column":16},"end":{"line":1,"column":34}},"1":{"start":{"line":3,"column":16},"end":{"line":3,"column":38}},"2":{"start":{"line":4,"column":15},"end":{"line":4,"column":31}},"3":{"start":{"line":6,"column":0},"end":{"line":6,"column":38}},"4":{"start":{"line":7,"column":0},"end":{"line":7,"column":34}},"5":{"start":{"line":8,"column":0},"end":{"line":8,"column":41}},"6":{"start":{"line":10,"column":0},"end":{"line":10,"column":23}}},"fnMap":{},"branchMap":{},"s":{"0":24,"1":24,"2":24,"3":24,"4":24,"5":24,"6":24},"f":{},"b":{},"_coverageSchema":"1a1c01bbd47fc00a2c39e90264f33305004495a9","hash":"597852b96e4b3947c04831d4e29444e2779489ed"}
}
