TN:
SF:src\index.js
FN:14,(anonymous_0)
FN:27,(anonymous_1)
FN:29,(anonymous_2)
FN:34,(anonymous_3)
FNF:4
FNH:1
FNDA:0,(anonymous_0)
FNDA:5,(anonymous_1)
FNDA:0,(anonymous_2)
FNDA:0,(anonymous_3)
DA:1,24
DA:2,24
DA:3,24
DA:4,24
DA:5,24
DA:6,24
DA:7,24
DA:9,24
DA:10,24
DA:12,24
DA:14,24
DA:15,0
DA:18,24
DA:19,24
DA:22,24
DA:23,24
DA:24,24
DA:26,24
DA:28,5
DA:29,0
DA:30,0
DA:35,0
DA:38,24
LF:23
LH:19
BRDA:28,0,0,0
BRDA:28,0,1,5
BRF:2
BRH:1
end_of_record
TN:
SF:src\api\project.js
FN:4,(anonymous_0)
FN:15,(anonymous_1)
FN:27,(anonymous_2)
FN:38,(anonymous_3)
FN:47,(anonymous_4)
FNF:5
FNH:4
FNDA:1,(anonymous_0)
FNDA:1,(anonymous_1)
FNDA:1,(anonymous_2)
FNDA:1,(anonymous_3)
FNDA:0,(anonymous_4)
DA:1,24
DA:5,1
DA:7,1
DA:8,1
DA:9,1
DA:11,0
DA:16,1
DA:17,1
DA:19,1
DA:20,1
DA:21,1
DA:23,0
DA:28,1
DA:30,1
DA:31,1
DA:32,1
DA:34,0
DA:39,1
DA:40,1
DA:41,1
DA:43,0
DA:48,0
DA:49,0
DA:51,0
DA:52,0
DA:53,0
DA:55,0
DA:60,24
LF:28
LH:18
BRF:0
BRH:0
end_of_record
TN:
SF:src\api\task.js
FN:5,(anonymous_0)
FN:15,(anonymous_1)
FN:28,(anonymous_2)
FN:37,(anonymous_3)
FNF:4
FNH:4
FNDA:1,(anonymous_0)
FNDA:1,(anonymous_1)
FNDA:1,(anonymous_2)
FNDA:1,(anonymous_3)
DA:1,24
DA:6,1
DA:7,1
DA:8,1
DA:9,1
DA:11,0
DA:17,1
DA:18,1
DA:20,1
DA:21,1
DA:22,1
DA:24,0
DA:29,1
DA:30,1
DA:31,1
DA:33,0
DA:38,1
DA:39,1
DA:40,1
DA:41,1
DA:43,0
DA:48,24
LF:22
LH:18
BRF:0
BRH:0
end_of_record
TN:
SF:src\api\user.js
FN:4,(anonymous_0)
FN:15,(anonymous_1)
FN:27,(anonymous_2)
FN:38,(anonymous_3)
FN:47,(anonymous_4)
FNF:5
FNH:4
FNDA:1,(anonymous_0)
FNDA:1,(anonymous_1)
FNDA:1,(anonymous_2)
FNDA:1,(anonymous_3)
FNDA:0,(anonymous_4)
DA:1,24
DA:5,1
DA:7,1
DA:8,1
DA:9,0
DA:11,1
DA:16,1
DA:17,1
DA:19,1
DA:20,1
DA:21,1
DA:23,0
DA:28,1
DA:30,1
DA:31,1
DA:32,1
DA:34,0
DA:39,1
DA:40,1
DA:41,1
DA:43,0
DA:48,0
DA:50,0
DA:51,0
DA:53,0
DA:55,0
DA:62,24
LF:27
LH:18
BRF:0
BRH:0
end_of_record
TN:
SF:src\controller\project.js
FN:8,(anonymous_0)
FN:27,(anonymous_1)
FN:45,(anonymous_2)
FN:54,(anonymous_3)
FN:68,(anonymous_4)
FN:72,(anonymous_5)
FNF:6
FNH:5
FNDA:2,(anonymous_0)
FNDA:2,(anonymous_1)
FNDA:2,(anonymous_2)
FNDA:6,(anonymous_3)
FNDA:2,(anonymous_4)
FNDA:0,(anonymous_5)
DA:1,24
DA:2,24
DA:3,24
DA:9,2
DA:10,0
DA:12,2
DA:13,0
DA:15,2
DA:16,0
DA:19,2
DA:21,2
DA:23,2
DA:28,2
DA:29,0
DA:31,2
DA:32,0
DA:35,2
DA:37,2
DA:42,2
DA:46,2
DA:47,0
DA:49,2
DA:50,2
DA:51,2
DA:55,6
DA:56,0
DA:59,6
DA:61,6
DA:62,0
DA:65,6
DA:69,2
DA:74,0
DA:75,0
DA:78,0
DA:80,0
DA:81,0
DA:84,0
DA:86,0
DA:87,0
DA:90,0
DA:95,24
LF:41
LH:24
BRDA:9,0,0,0
BRDA:9,0,1,2
BRDA:12,1,0,0
BRDA:12,1,1,2
BRDA:15,2,0,0
BRDA:15,2,1,2
BRDA:28,3,0,0
BRDA:28,3,1,2
BRDA:31,4,0,0
BRDA:31,4,1,2
BRDA:46,5,0,0
BRDA:46,5,1,2
BRDA:55,6,0,0
BRDA:55,6,1,6
BRDA:61,7,0,0
BRDA:61,7,1,6
BRDA:74,8,0,0
BRDA:74,8,1,0
BRDA:80,9,0,0
BRDA:80,9,1,0
BRDA:86,10,0,0
BRDA:86,10,1,0
BRF:22
BRH:8
end_of_record
TN:
SF:src\controller\task.js
FN:6,(anonymous_0)
FN:30,(anonymous_1)
FN:54,(anonymous_2)
FN:67,(anonymous_3)
FN:71,(anonymous_4)
FNF:5
FNH:5
FNDA:2,(anonymous_0)
FNDA:2,(anonymous_1)
FNDA:4,(anonymous_2)
FNDA:2,(anonymous_3)
FNDA:2,(anonymous_4)
DA:1,24
DA:2,24
DA:7,2
DA:8,0
DA:10,2
DA:11,0
DA:13,2
DA:14,0
DA:17,2
DA:19,2
DA:27,2
DA:31,2
DA:32,0
DA:34,2
DA:35,0
DA:37,2
DA:38,0
DA:41,2
DA:43,2
DA:49,2
DA:51,2
DA:55,4
DA:56,0
DA:58,4
DA:60,4
DA:61,0
DA:64,4
DA:68,2
DA:72,2
DA:73,0
DA:75,2
DA:77,2
DA:82,24
LF:33
LH:24
BRDA:7,0,0,0
BRDA:7,0,1,2
BRDA:10,1,0,0
BRDA:10,1,1,2
BRDA:13,2,0,0
BRDA:13,2,1,2
BRDA:31,3,0,0
BRDA:31,3,1,2
BRDA:34,4,0,0
BRDA:34,4,1,2
BRDA:37,5,0,0
BRDA:37,5,1,2
BRDA:55,6,0,0
BRDA:55,6,1,4
BRDA:60,7,0,0
BRDA:60,7,1,4
BRDA:72,8,0,0
BRDA:72,8,1,2
BRF:18
BRH:9
end_of_record
TN:
SF:src\controller\user.js
FN:9,(anonymous_0)
FN:25,(anonymous_1)
FN:39,(anonymous_2)
FN:54,(anonymous_3)
FN:64,(anonymous_4)
FN:68,(anonymous_5)
FN:87,(anonymous_6)
FNF:7
FNH:5
FNDA:2,(anonymous_0)
FNDA:6,(anonymous_1)
FNDA:2,(anonymous_2)
FNDA:2,(anonymous_3)
FNDA:2,(anonymous_4)
FNDA:0,(anonymous_5)
FNDA:0,(anonymous_6)
DA:1,24
DA:2,24
DA:5,24
DA:6,24
DA:10,2
DA:11,0
DA:14,2
DA:16,2
DA:22,1
DA:26,6
DA:27,0
DA:30,6
DA:32,6
DA:33,0
DA:36,6
DA:40,2
DA:41,0
DA:44,2
DA:46,2
DA:47,2
DA:48,2
DA:49,2
DA:51,2
DA:55,2
DA:56,0
DA:58,2
DA:59,2
DA:61,2
DA:65,2
DA:69,0
DA:70,0
DA:73,0
DA:75,0
DA:76,0
DA:79,0
DA:80,0
DA:81,0
DA:84,0
DA:88,0
DA:89,0
DA:92,0
DA:93,0
DA:95,0
DA:100,24
LF:44
LH:25
BRDA:10,0,0,0
BRDA:10,0,1,2
BRDA:10,1,0,2
BRDA:10,1,1,2
BRDA:10,1,2,2
BRDA:26,2,0,0
BRDA:26,2,1,6
BRDA:32,3,0,0
BRDA:32,3,1,6
BRDA:40,4,0,0
BRDA:40,4,1,2
BRDA:40,5,0,2
BRDA:40,5,1,2
BRDA:40,5,2,2
BRDA:55,6,0,0
BRDA:55,6,1,2
BRDA:69,7,0,0
BRDA:69,7,1,0
BRDA:69,8,0,0
BRDA:69,8,1,0
BRDA:75,9,0,0
BRDA:75,9,1,0
BRDA:80,10,0,0
BRDA:80,10,1,0
BRDA:88,11,0,0
BRDA:88,11,1,0
BRF:26
BRH:11
end_of_record
TN:
SF:src\database\db.js
FN:4,(anonymous_0)
FN:8,(anonymous_1)
FNF:2
FNH:2
FNDA:24,(anonymous_0)
FNDA:24,(anonymous_1)
DA:1,24
DA:5,24
DA:9,24
DA:18,24
LF:4
LH:4
BRF:0
BRH:0
end_of_record
TN:
SF:src\model\project.js
FN:4,(anonymous_0)
FNF:1
FNH:1
FNDA:24,(anonymous_0)
DA:1,24
DA:5,24
DA:34,24
LF:3
LH:3
BRF:0
BRH:0
end_of_record
TN:
SF:src\model\task.js
FN:4,(anonymous_0)
FNF:1
FNH:1
FNDA:24,(anonymous_0)
DA:1,24
DA:5,24
DA:41,24
LF:3
LH:3
BRF:0
BRH:0
end_of_record
TN:
SF:src\model\user.js
FN:5,(anonymous_0)
FNF:1
FNH:1
FNDA:24,(anonymous_0)
DA:1,24
DA:2,24
DA:6,24
DA:34,24
LF:4
LH:4
BRF:0
BRH:0
end_of_record
TN:
SF:src\routes\project.js
FNF:0
FNH:0
DA:1,24
DA:2,24
DA:3,24
DA:5,24
DA:7,24
DA:8,24
DA:9,24
DA:10,24
DA:11,24
DA:13,24
LF:10
LH:10
BRF:0
BRH:0
end_of_record
TN:
SF:src\routes\task.js
FNF:0
FNH:0
DA:1,24
DA:2,24
DA:4,24
DA:6,24
DA:7,24
DA:8,24
DA:9,24
DA:11,24
LF:8
LH:8
BRF:0
BRH:0
end_of_record
TN:
SF:src\routes\user.js
FNF:0
FNH:0
DA:1,24
DA:3,24
DA:4,24
DA:6,24
DA:7,24
DA:8,24
DA:10,24
LF:7
LH:7
BRF:0
BRH:0
end_of_record
